[INFO] [2016-04-12 18:24:45][org.apache.hadoop.conf.Configuration.deprecation]session.id is deprecated. Instead, use dfs.metrics.session-id
[INFO] [2016-04-12 18:24:45][org.apache.hadoop.metrics.jvm.JvmMetrics]Initializing JVM Metrics with processName=JobTracker, sessionId=
[WARN] [2016-04-12 18:24:46][org.apache.hadoop.mapreduce.JobSubmitter]Hadoop command-line option parsing not performed. Implement the Tool interface and execute your application with ToolRunner to remedy this.
[WARN] [2016-04-12 18:24:46][org.apache.hadoop.mapreduce.JobSubmitter]No job jar file set.  User classes may not be found. See Job or Job#setJar(String).
[INFO] [2016-04-12 18:24:46][org.apache.hadoop.mapreduce.JobSubmitter]Cleaning up the staging area file:/tmp/hadoop-liguodong/mapred/staging/liguodong54305746/.staging/job_local54305746_0001
[INFO] [2016-04-12 18:26:14][org.apache.hadoop.conf.Configuration.deprecation]session.id is deprecated. Instead, use dfs.metrics.session-id
[INFO] [2016-04-12 18:26:14][org.apache.hadoop.metrics.jvm.JvmMetrics]Initializing JVM Metrics with processName=JobTracker, sessionId=
[WARN] [2016-04-12 18:26:14][org.apache.hadoop.mapreduce.JobSubmitter]Hadoop command-line option parsing not performed. Implement the Tool interface and execute your application with ToolRunner to remedy this.
[WARN] [2016-04-12 18:26:15][org.apache.hadoop.mapreduce.JobSubmitter]No job jar file set.  User classes may not be found. See Job or Job#setJar(String).
[INFO] [2016-04-12 18:26:15][org.apache.hadoop.mapreduce.JobSubmitter]Cleaning up the staging area file:/tmp/hadoop-liguodong/mapred/staging/liguodong1122295083/.staging/job_local1122295083_0001
[INFO] [2016-04-12 18:26:46][org.apache.hadoop.conf.Configuration.deprecation]session.id is deprecated. Instead, use dfs.metrics.session-id
[INFO] [2016-04-12 18:26:46][org.apache.hadoop.metrics.jvm.JvmMetrics]Initializing JVM Metrics with processName=JobTracker, sessionId=
[WARN] [2016-04-12 18:26:46][org.apache.hadoop.mapreduce.JobSubmitter]Hadoop command-line option parsing not performed. Implement the Tool interface and execute your application with ToolRunner to remedy this.
[WARN] [2016-04-12 18:26:46][org.apache.hadoop.mapreduce.JobSubmitter]No job jar file set.  User classes may not be found. See Job or Job#setJar(String).
[INFO] [2016-04-12 18:26:46][org.apache.hadoop.mapreduce.lib.input.FileInputFormat]Total input paths to process : 1
[INFO] [2016-04-12 18:26:46][org.apache.hadoop.mapreduce.JobSubmitter]number of splits:1
[INFO] [2016-04-12 18:26:47][org.apache.hadoop.mapreduce.JobSubmitter]Submitting tokens for job: job_local1087749687_0001
[INFO] [2016-04-12 18:26:47][org.apache.hadoop.mapreduce.Job]The url to track the job: http://localhost:8080/
[INFO] [2016-04-12 18:26:47][org.apache.hadoop.mapreduce.Job]Running job: job_local1087749687_0001
[INFO] [2016-04-12 18:26:47][org.apache.hadoop.mapred.LocalJobRunner]OutputCommitter set in config null
[INFO] [2016-04-12 18:26:47][org.apache.hadoop.mapred.LocalJobRunner]OutputCommitter is org.apache.hadoop.mapreduce.lib.output.FileOutputCommitter
[INFO] [2016-04-12 18:26:47][org.apache.hadoop.mapred.LocalJobRunner]Waiting for map tasks
[INFO] [2016-04-12 18:26:47][org.apache.hadoop.mapred.LocalJobRunner]Starting task: attempt_local1087749687_0001_m_000000_0
[INFO] [2016-04-12 18:26:47][org.apache.hadoop.yarn.util.ProcfsBasedProcessTree]ProcfsBasedProcessTree currently is supported only on Linux.
[INFO] [2016-04-12 18:26:48][org.apache.hadoop.mapred.Task] Using ResourceCalculatorProcessTree : org.apache.hadoop.yarn.util.WindowsBasedProcessTree@1495cc4
[INFO] [2016-04-12 18:26:48][org.apache.hadoop.mapred.MapTask]Processing split: hdfs://192.168.101.71:8020/input/obd_general_parameters:0+1832872
[INFO] [2016-04-12 18:26:48][org.apache.hadoop.mapred.MapTask](EQUATOR) 0 kvi 26214396(104857584)
[INFO] [2016-04-12 18:26:48][org.apache.hadoop.mapred.MapTask]mapreduce.task.io.sort.mb: 100
[INFO] [2016-04-12 18:26:48][org.apache.hadoop.mapred.MapTask]soft limit at 83886080
[INFO] [2016-04-12 18:26:48][org.apache.hadoop.mapred.MapTask]bufstart = 0; bufvoid = 104857600
[INFO] [2016-04-12 18:26:48][org.apache.hadoop.mapred.MapTask]kvstart = 26214396; length = 6553600
[INFO] [2016-04-12 18:26:48][org.apache.hadoop.mapred.MapTask]Map output collector class = org.apache.hadoop.mapred.MapTask$MapOutputBuffer
[INFO] [2016-04-12 18:26:48][org.apache.hadoop.mapreduce.Job]Job job_local1087749687_0001 running in uber mode : false
[INFO] [2016-04-12 18:26:48][org.apache.hadoop.mapreduce.Job] map 0% reduce 0%
[INFO] [2016-04-12 18:26:51][org.apache.hadoop.mapred.LocalJobRunner]
[INFO] [2016-04-12 18:26:51][org.apache.hadoop.mapred.MapTask]Starting flush of map output
[INFO] [2016-04-12 18:26:51][org.apache.hadoop.mapred.MapTask]Spilling map output
[INFO] [2016-04-12 18:26:51][org.apache.hadoop.mapred.MapTask]bufstart = 0; bufend = 1419345; bufvoid = 104857600
[INFO] [2016-04-12 18:26:51][org.apache.hadoop.mapred.MapTask]kvstart = 26214396(104857584); kvend = 26164224(104656896); length = 50173/6553600
[INFO] [2016-04-12 18:26:51][org.apache.hadoop.mapred.MapTask]Finished spill 0
[INFO] [2016-04-12 18:26:51][org.apache.hadoop.mapred.Task]Task:attempt_local1087749687_0001_m_000000_0 is done. And is in the process of committing
[INFO] [2016-04-12 18:26:51][org.apache.hadoop.mapred.LocalJobRunner]map
[INFO] [2016-04-12 18:26:51][org.apache.hadoop.mapred.Task]Task 'attempt_local1087749687_0001_m_000000_0' done.
[INFO] [2016-04-12 18:26:51][org.apache.hadoop.mapred.LocalJobRunner]Finishing task: attempt_local1087749687_0001_m_000000_0
[INFO] [2016-04-12 18:26:51][org.apache.hadoop.mapred.LocalJobRunner]map task executor complete.
[INFO] [2016-04-12 18:26:51][org.apache.hadoop.mapred.LocalJobRunner]Waiting for reduce tasks
[INFO] [2016-04-12 18:26:51][org.apache.hadoop.mapred.LocalJobRunner]Starting task: attempt_local1087749687_0001_r_000000_0
[INFO] [2016-04-12 18:26:51][org.apache.hadoop.yarn.util.ProcfsBasedProcessTree]ProcfsBasedProcessTree currently is supported only on Linux.
[INFO] [2016-04-12 18:26:51][org.apache.hadoop.mapred.Task] Using ResourceCalculatorProcessTree : org.apache.hadoop.yarn.util.WindowsBasedProcessTree@edd5f4
[INFO] [2016-04-12 18:26:51][org.apache.hadoop.mapred.ReduceTask]Using ShuffleConsumerPlugin: org.apache.hadoop.mapreduce.task.reduce.Shuffle@95ddaa
[INFO] [2016-04-12 18:26:52][org.apache.hadoop.mapreduce.task.reduce.MergeManagerImpl]MergerManager: memoryLimit=181665792, maxSingleShuffleLimit=45416448, mergeThreshold=119899424, ioSortFactor=10, memToMemMergeOutputsThreshold=10
[INFO] [2016-04-12 18:26:52][org.apache.hadoop.mapreduce.task.reduce.EventFetcher]attempt_local1087749687_0001_r_000000_0 Thread started: EventFetcher for fetching Map Completion Events
[INFO] [2016-04-12 18:26:52][org.apache.hadoop.mapreduce.task.reduce.LocalFetcher]localfetcher#1 about to shuffle output of map attempt_local1087749687_0001_m_000000_0 decomp: 1444451 len: 1444455 to MEMORY
[INFO] [2016-04-12 18:26:52][org.apache.hadoop.mapreduce.task.reduce.InMemoryMapOutput]Read 1444451 bytes from map-output for attempt_local1087749687_0001_m_000000_0
[INFO] [2016-04-12 18:26:52][org.apache.hadoop.mapreduce.task.reduce.MergeManagerImpl]closeInMemoryFile -> map-output of size: 1444451, inMemoryMapOutputs.size() -> 1, commitMemory -> 0, usedMemory ->1444451
[INFO] [2016-04-12 18:26:52][org.apache.hadoop.mapreduce.task.reduce.EventFetcher]EventFetcher is interrupted.. Returning
[INFO] [2016-04-12 18:26:52][org.apache.hadoop.mapred.LocalJobRunner]1 / 1 copied.
[INFO] [2016-04-12 18:26:52][org.apache.hadoop.mapreduce.task.reduce.MergeManagerImpl]finalMerge called with 1 in-memory map-outputs and 0 on-disk map-outputs
[INFO] [2016-04-12 18:26:52][org.apache.hadoop.mapred.Merger]Merging 1 sorted segments
[INFO] [2016-04-12 18:26:52][org.apache.hadoop.mapred.Merger]Down to the last merge-pass, with 1 segments left of total size: 1444345 bytes
[INFO] [2016-04-12 18:26:52][org.apache.hadoop.mapreduce.task.reduce.MergeManagerImpl]Merged 1 segments, 1444451 bytes to disk to satisfy reduce memory limit
[INFO] [2016-04-12 18:26:52][org.apache.hadoop.mapreduce.task.reduce.MergeManagerImpl]Merging 1 files, 1444455 bytes from disk
[INFO] [2016-04-12 18:26:52][org.apache.hadoop.mapreduce.task.reduce.MergeManagerImpl]Merging 0 segments, 0 bytes from memory into reduce
[INFO] [2016-04-12 18:26:52][org.apache.hadoop.mapred.Merger]Merging 1 sorted segments
[INFO] [2016-04-12 18:26:52][org.apache.hadoop.mapred.Merger]Down to the last merge-pass, with 1 segments left of total size: 1444345 bytes
[INFO] [2016-04-12 18:26:52][org.apache.hadoop.mapred.LocalJobRunner]1 / 1 copied.
[INFO] [2016-04-12 18:26:52][org.apache.hadoop.conf.Configuration.deprecation]mapred.skip.on is deprecated. Instead, use mapreduce.job.skiprecords
[INFO] [2016-04-12 18:26:52][org.apache.hadoop.mapreduce.Job] map 100% reduce 0%
[INFO] [2016-04-12 18:26:57][org.apache.hadoop.mapred.LocalJobRunner]reduce > reduce
[INFO] [2016-04-12 18:26:58][org.apache.hadoop.mapreduce.Job] map 100% reduce 100%
[INFO] [2016-04-12 18:27:01][org.apache.hadoop.mapred.Task]Task:attempt_local1087749687_0001_r_000000_0 is done. And is in the process of committing
[INFO] [2016-04-12 18:27:01][org.apache.hadoop.mapred.LocalJobRunner]reduce > reduce
[INFO] [2016-04-12 18:27:01][org.apache.hadoop.mapred.Task]Task attempt_local1087749687_0001_r_000000_0 is allowed to commit now
[INFO] [2016-04-12 18:27:01][org.apache.hadoop.mapreduce.lib.output.FileOutputCommitter]Saved output of task 'attempt_local1087749687_0001_r_000000_0' to hdfs://192.168.101.71:8020/output/ObdGeneralParameters/_temporary/0/task_local1087749687_0001_r_000000
[INFO] [2016-04-12 18:27:01][org.apache.hadoop.mapred.LocalJobRunner]reduce > reduce
[INFO] [2016-04-12 18:27:01][org.apache.hadoop.mapred.Task]Task 'attempt_local1087749687_0001_r_000000_0' done.
[INFO] [2016-04-12 18:27:01][org.apache.hadoop.mapred.LocalJobRunner]Finishing task: attempt_local1087749687_0001_r_000000_0
[INFO] [2016-04-12 18:27:01][org.apache.hadoop.mapred.LocalJobRunner]reduce task executor complete.
[INFO] [2016-04-12 18:27:02][org.apache.hadoop.mapreduce.Job]Job job_local1087749687_0001 completed successfully
[INFO] [2016-04-12 18:27:02][org.apache.hadoop.mapreduce.Job]Counters: 38
	File System Counters
		FILE: Number of bytes read=2889290
		FILE: Number of bytes written=4848333
		FILE: Number of read operations=0
		FILE: Number of large read operations=0
		FILE: Number of write operations=0
		HDFS: Number of bytes read=3665744
		HDFS: Number of bytes written=1411360
		HDFS: Number of read operations=15
		HDFS: Number of large read operations=0
		HDFS: Number of write operations=4
	Map-Reduce Framework
		Map input records=12544
		Map output records=12544
		Map output bytes=1419345
		Map output materialized bytes=1444455
		Input split bytes=120
		Combine input records=0
		Combine output records=0
		Reduce input groups=12473
		Reduce shuffle bytes=1444455
		Reduce input records=12544
		Reduce output records=12473
		Spilled Records=25088
		Shuffled Maps =1
		Failed Shuffles=0
		Merged Map outputs=1
		GC time elapsed (ms)=161
		CPU time spent (ms)=0
		Physical memory (bytes) snapshot=0
		Virtual memory (bytes) snapshot=0
		Total committed heap usage (bytes)=242360320
	Shuffle Errors
		BAD_ID=0
		CONNECTION=0
		IO_ERROR=0
		WRONG_LENGTH=0
		WRONG_MAP=0
		WRONG_REDUCE=0
	File Input Format Counters 
		Bytes Read=1832872
	File Output Format Counters 
		Bytes Written=1411360
[INFO] [2016-04-12 18:43:31][org.apache.hadoop.conf.Configuration.deprecation]session.id is deprecated. Instead, use dfs.metrics.session-id
[INFO] [2016-04-12 18:43:32][org.apache.hadoop.metrics.jvm.JvmMetrics]Initializing JVM Metrics with processName=JobTracker, sessionId=
[WARN] [2016-04-12 18:43:32][org.apache.hadoop.mapreduce.JobSubmitter]Hadoop command-line option parsing not performed. Implement the Tool interface and execute your application with ToolRunner to remedy this.
[WARN] [2016-04-12 18:43:32][org.apache.hadoop.mapreduce.JobSubmitter]No job jar file set.  User classes may not be found. See Job or Job#setJar(String).
[INFO] [2016-04-12 18:43:32][org.apache.hadoop.mapreduce.lib.input.FileInputFormat]Total input paths to process : 1
[INFO] [2016-04-12 18:43:33][org.apache.hadoop.mapreduce.JobSubmitter]number of splits:1
[INFO] [2016-04-12 18:43:33][org.apache.hadoop.mapreduce.JobSubmitter]Submitting tokens for job: job_local1540927981_0001
[INFO] [2016-04-12 18:43:33][org.apache.hadoop.mapreduce.Job]The url to track the job: http://localhost:8080/
[INFO] [2016-04-12 18:43:33][org.apache.hadoop.mapreduce.Job]Running job: job_local1540927981_0001
[INFO] [2016-04-12 18:43:33][org.apache.hadoop.mapred.LocalJobRunner]OutputCommitter set in config null
[INFO] [2016-04-12 18:43:33][org.apache.hadoop.mapred.LocalJobRunner]OutputCommitter is org.apache.hadoop.mapreduce.lib.output.FileOutputCommitter
[INFO] [2016-04-12 18:43:33][org.apache.hadoop.mapred.LocalJobRunner]Waiting for map tasks
[INFO] [2016-04-12 18:43:33][org.apache.hadoop.mapred.LocalJobRunner]Starting task: attempt_local1540927981_0001_m_000000_0
[INFO] [2016-04-12 18:43:33][org.apache.hadoop.yarn.util.ProcfsBasedProcessTree]ProcfsBasedProcessTree currently is supported only on Linux.
[INFO] [2016-04-12 18:43:33][org.apache.hadoop.mapred.Task] Using ResourceCalculatorProcessTree : org.apache.hadoop.yarn.util.WindowsBasedProcessTree@12e428a
[INFO] [2016-04-12 18:43:33][org.apache.hadoop.mapred.MapTask]Processing split: hdfs://192.168.101.71:8020/input/obd_immediate_parameters:0+12317084
[INFO] [2016-04-12 18:43:34][org.apache.hadoop.mapred.MapTask](EQUATOR) 0 kvi 26214396(104857584)
[INFO] [2016-04-12 18:43:34][org.apache.hadoop.mapred.MapTask]mapreduce.task.io.sort.mb: 100
[INFO] [2016-04-12 18:43:34][org.apache.hadoop.mapred.MapTask]soft limit at 83886080
[INFO] [2016-04-12 18:43:34][org.apache.hadoop.mapred.MapTask]bufstart = 0; bufvoid = 104857600
[INFO] [2016-04-12 18:43:34][org.apache.hadoop.mapred.MapTask]kvstart = 26214396; length = 6553600
[INFO] [2016-04-12 18:43:34][org.apache.hadoop.mapred.MapTask]Map output collector class = org.apache.hadoop.mapred.MapTask$MapOutputBuffer
[INFO] [2016-04-12 18:43:34][org.apache.hadoop.mapreduce.Job]Job job_local1540927981_0001 running in uber mode : false
[INFO] [2016-04-12 18:43:34][org.apache.hadoop.mapreduce.Job] map 0% reduce 0%
[INFO] [2016-04-12 18:43:39][org.apache.hadoop.mapred.LocalJobRunner]map > map
[INFO] [2016-04-12 18:43:40][org.apache.hadoop.mapreduce.Job] map 29% reduce 0%
[INFO] [2016-04-12 18:43:42][org.apache.hadoop.mapred.LocalJobRunner]map > map
[INFO] [2016-04-12 18:43:43][org.apache.hadoop.mapreduce.Job] map 51% reduce 0%
[INFO] [2016-04-12 18:43:45][org.apache.hadoop.mapred.LocalJobRunner]map > map
[INFO] [2016-04-12 18:43:45][org.apache.hadoop.mapred.LocalJobRunner]map > map
[INFO] [2016-04-12 18:43:45][org.apache.hadoop.mapred.MapTask]Starting flush of map output
[INFO] [2016-04-12 18:43:45][org.apache.hadoop.mapred.MapTask]Spilling map output
[INFO] [2016-04-12 18:43:45][org.apache.hadoop.mapred.MapTask]bufstart = 0; bufend = 12024253; bufvoid = 104857600
[INFO] [2016-04-12 18:43:45][org.apache.hadoop.mapred.MapTask]kvstart = 26214396(104857584); kvend = 25474692(101898768); length = 739705/6553600
[INFO] [2016-04-12 18:43:46][org.apache.hadoop.mapreduce.Job] map 67% reduce 0%
[INFO] [2016-04-12 18:43:47][org.apache.hadoop.mapred.MapTask]Finished spill 0
[INFO] [2016-04-12 18:43:48][org.apache.hadoop.mapred.Task]Task:attempt_local1540927981_0001_m_000000_0 is done. And is in the process of committing
[INFO] [2016-04-12 18:43:48][org.apache.hadoop.mapred.LocalJobRunner]map
[INFO] [2016-04-12 18:43:48][org.apache.hadoop.mapred.Task]Task 'attempt_local1540927981_0001_m_000000_0' done.
[INFO] [2016-04-12 18:43:48][org.apache.hadoop.mapred.LocalJobRunner]Finishing task: attempt_local1540927981_0001_m_000000_0
[INFO] [2016-04-12 18:43:48][org.apache.hadoop.mapred.LocalJobRunner]map task executor complete.
[INFO] [2016-04-12 18:43:48][org.apache.hadoop.mapred.LocalJobRunner]Waiting for reduce tasks
[INFO] [2016-04-12 18:43:48][org.apache.hadoop.mapred.LocalJobRunner]Starting task: attempt_local1540927981_0001_r_000000_0
[INFO] [2016-04-12 18:43:48][org.apache.hadoop.yarn.util.ProcfsBasedProcessTree]ProcfsBasedProcessTree currently is supported only on Linux.
[INFO] [2016-04-12 18:43:48][org.apache.hadoop.mapred.Task] Using ResourceCalculatorProcessTree : org.apache.hadoop.yarn.util.WindowsBasedProcessTree@45aed
[INFO] [2016-04-12 18:43:48][org.apache.hadoop.mapred.ReduceTask]Using ShuffleConsumerPlugin: org.apache.hadoop.mapreduce.task.reduce.Shuffle@1ea672d
[INFO] [2016-04-12 18:43:48][org.apache.hadoop.mapreduce.task.reduce.MergeManagerImpl]MergerManager: memoryLimit=181665792, maxSingleShuffleLimit=45416448, mergeThreshold=119899424, ioSortFactor=10, memToMemMergeOutputsThreshold=10
[INFO] [2016-04-12 18:43:48][org.apache.hadoop.mapreduce.task.reduce.EventFetcher]attempt_local1540927981_0001_r_000000_0 Thread started: EventFetcher for fetching Map Completion Events
[INFO] [2016-04-12 18:43:48][org.apache.hadoop.mapreduce.task.reduce.LocalFetcher]localfetcher#1 about to shuffle output of map attempt_local1540927981_0001_m_000000_0 decomp: 12394109 len: 12394113 to MEMORY
[INFO] [2016-04-12 18:43:48][org.apache.hadoop.mapreduce.task.reduce.InMemoryMapOutput]Read 12394109 bytes from map-output for attempt_local1540927981_0001_m_000000_0
[INFO] [2016-04-12 18:43:48][org.apache.hadoop.mapreduce.task.reduce.MergeManagerImpl]closeInMemoryFile -> map-output of size: 12394109, inMemoryMapOutputs.size() -> 1, commitMemory -> 0, usedMemory ->12394109
[INFO] [2016-04-12 18:43:48][org.apache.hadoop.mapreduce.task.reduce.EventFetcher]EventFetcher is interrupted.. Returning
[INFO] [2016-04-12 18:43:48][org.apache.hadoop.mapred.LocalJobRunner]1 / 1 copied.
[INFO] [2016-04-12 18:43:48][org.apache.hadoop.mapreduce.task.reduce.MergeManagerImpl]finalMerge called with 1 in-memory map-outputs and 0 on-disk map-outputs
[INFO] [2016-04-12 18:43:48][org.apache.hadoop.mapred.Merger]Merging 1 sorted segments
[INFO] [2016-04-12 18:43:48][org.apache.hadoop.mapred.Merger]Down to the last merge-pass, with 1 segments left of total size: 12394047 bytes
[INFO] [2016-04-12 18:43:48][org.apache.hadoop.mapreduce.Job] map 100% reduce 0%
[INFO] [2016-04-12 18:43:48][org.apache.hadoop.mapreduce.task.reduce.MergeManagerImpl]Merged 1 segments, 12394109 bytes to disk to satisfy reduce memory limit
[INFO] [2016-04-12 18:43:48][org.apache.hadoop.mapreduce.task.reduce.MergeManagerImpl]Merging 1 files, 12394113 bytes from disk
[INFO] [2016-04-12 18:43:48][org.apache.hadoop.mapreduce.task.reduce.MergeManagerImpl]Merging 0 segments, 0 bytes from memory into reduce
[INFO] [2016-04-12 18:43:48][org.apache.hadoop.mapred.Merger]Merging 1 sorted segments
[INFO] [2016-04-12 18:43:48][org.apache.hadoop.mapred.Merger]Down to the last merge-pass, with 1 segments left of total size: 12394047 bytes
[INFO] [2016-04-12 18:43:48][org.apache.hadoop.mapred.LocalJobRunner]1 / 1 copied.
[INFO] [2016-04-12 18:43:49][org.apache.hadoop.conf.Configuration.deprecation]mapred.skip.on is deprecated. Instead, use mapreduce.job.skiprecords
[INFO] [2016-04-12 18:43:54][org.apache.hadoop.mapred.LocalJobRunner]reduce > reduce
[INFO] [2016-04-12 18:43:54][org.apache.hadoop.mapreduce.Job] map 100% reduce 94%
[INFO] [2016-04-12 18:43:57][org.apache.hadoop.mapred.LocalJobRunner]reduce > reduce
[INFO] [2016-04-12 18:43:57][org.apache.hadoop.mapreduce.Job] map 100% reduce 96%
[INFO] [2016-04-12 18:44:00][org.apache.hadoop.mapred.LocalJobRunner]reduce > reduce
[INFO] [2016-04-12 18:44:00][org.apache.hadoop.mapreduce.Job] map 100% reduce 98%
[INFO] [2016-04-12 18:44:03][org.apache.hadoop.mapred.LocalJobRunner]reduce > reduce
[INFO] [2016-04-12 18:44:03][org.apache.hadoop.mapreduce.Job] map 100% reduce 100%
[INFO] [2016-04-12 18:44:06][org.apache.hadoop.mapred.LocalJobRunner]reduce > reduce
[INFO] [2016-04-12 18:44:17][org.apache.hadoop.mapred.Task]Task:attempt_local1540927981_0001_r_000000_0 is done. And is in the process of committing
[INFO] [2016-04-12 18:44:17][org.apache.hadoop.mapred.LocalJobRunner]reduce > reduce
[INFO] [2016-04-12 18:44:17][org.apache.hadoop.mapred.Task]Task attempt_local1540927981_0001_r_000000_0 is allowed to commit now
[INFO] [2016-04-12 18:44:17][org.apache.hadoop.mapreduce.lib.output.FileOutputCommitter]Saved output of task 'attempt_local1540927981_0001_r_000000_0' to hdfs://192.168.101.71:8020/output/ObdImmediateParameters/_temporary/0/task_local1540927981_0001_r_000000
[INFO] [2016-04-12 18:44:17][org.apache.hadoop.mapred.LocalJobRunner]reduce > reduce
[INFO] [2016-04-12 18:44:17][org.apache.hadoop.mapred.Task]Task 'attempt_local1540927981_0001_r_000000_0' done.
[INFO] [2016-04-12 18:44:17][org.apache.hadoop.mapred.LocalJobRunner]Finishing task: attempt_local1540927981_0001_r_000000_0
[INFO] [2016-04-12 18:44:17][org.apache.hadoop.mapred.LocalJobRunner]reduce task executor complete.
[INFO] [2016-04-12 18:44:17][org.apache.hadoop.mapreduce.Job]Job job_local1540927981_0001 completed successfully
[INFO] [2016-04-12 18:44:17][org.apache.hadoop.mapreduce.Job]Counters: 38
	File System Counters
		FILE: Number of bytes read=24788610
		FILE: Number of bytes written=37697367
		FILE: Number of read operations=0
		FILE: Number of large read operations=0
		FILE: Number of write operations=0
		HDFS: Number of bytes read=24634168
		HDFS: Number of bytes written=11660989
		HDFS: Number of read operations=15
		HDFS: Number of large read operations=0
		HDFS: Number of write operations=4
	Map-Reduce Framework
		Map input records=184927
		Map output records=184927
		Map output bytes=12024253
		Map output materialized bytes=12394113
		Input split bytes=122
		Combine input records=0
		Combine output records=0
		Reduce input groups=179103
		Reduce shuffle bytes=12394113
		Reduce input records=184927
		Reduce output records=179103
		Spilled Records=369854
		Shuffled Maps =1
		Failed Shuffles=0
		Merged Map outputs=1
		GC time elapsed (ms)=462
		CPU time spent (ms)=0
		Physical memory (bytes) snapshot=0
		Virtual memory (bytes) snapshot=0
		Total committed heap usage (bytes)=289546240
	Shuffle Errors
		BAD_ID=0
		CONNECTION=0
		IO_ERROR=0
		WRONG_LENGTH=0
		WRONG_MAP=0
		WRONG_REDUCE=0
	File Input Format Counters 
		Bytes Read=12317084
	File Output Format Counters 
		Bytes Written=11660989
